<?xml version="1.0" encoding="UTF-8"?>
<testng-results skipped="0" failed="0" ignored="0" total="2" passed="2">
  <reporter-output>
  </reporter-output>
  <suite name="Default suite" duration-ms="151" started-at="2021-04-16T08:39:01Z" finished-at="2021-04-16T08:39:02Z">
    <groups>
    </groups>
    <test name="Default test" duration-ms="151" started-at="2021-04-16T08:39:01Z" finished-at="2021-04-16T08:39:02Z">
      <class name="all.selemium.commands.Test1">
        <test-method status="PASS" signature="beforeMethod()[pri:0, instance:all.selemium.commands.Test1@780cb77]" name="beforeMethod" is-config="true" duration-ms="14" started-at="2021-04-16T14:09:02Z" finished-at="2021-04-16T14:09:02Z">
          <reporter-output>
          </reporter-output>
        </test-method> <!-- beforeMethod -->
        <test-method status="PASS" signature="test1()[pri:0, instance:all.selemium.commands.Test1@780cb77]" name="test1" duration-ms="15" started-at="2021-04-16T14:09:02Z" finished-at="2021-04-16T14:09:02Z">
          <reporter-output>
          </reporter-output>
        </test-method> <!-- test1 -->
        <test-method status="PASS" signature="afterMethod()[pri:0, instance:all.selemium.commands.Test1@780cb77]" name="afterMethod" is-config="true" duration-ms="1" started-at="2021-04-16T14:09:02Z" finished-at="2021-04-16T14:09:02Z">
          <reporter-output>
          </reporter-output>
        </test-method> <!-- afterMethod -->
        <test-method status="PASS" signature="beforeMethod()[pri:0, instance:all.selemium.commands.Test1@780cb77]" name="beforeMethod" is-config="true" duration-ms="1" started-at="2021-04-16T14:09:02Z" finished-at="2021-04-16T14:09:02Z">
          <reporter-output>
          </reporter-output>
        </test-method> <!-- beforeMethod -->
        <test-method status="PASS" signature="test2()[pri:0, instance:all.selemium.commands.Test1@780cb77]" name="test2" duration-ms="4" started-at="2021-04-16T14:09:02Z" finished-at="2021-04-16T14:09:02Z">
          <reporter-output>
          </reporter-output>
        </test-method> <!-- test2 -->
        <test-method status="PASS" signature="afterMethod()[pri:0, instance:all.selemium.commands.Test1@780cb77]" name="afterMethod" is-config="true" duration-ms="1" started-at="2021-04-16T14:09:02Z" finished-at="2021-04-16T14:09:02Z">
          <reporter-output>
          </reporter-output>
        </test-method> <!-- afterMethod -->
      </class> <!-- all.selemium.commands.Test1 -->
    </test> <!-- Default test -->
  </suite> <!-- Default suite -->
</testng-results>
