<?xml version="1.0" encoding="UTF-8"?>
<testng-results skipped="0" failed="0" ignored="0" total="1" passed="1">
  <reporter-output>
  </reporter-output>
  <suite name="Default suite" duration-ms="25664" started-at="2020-08-27T06:11:52Z" finished-at="2020-08-27T06:12:17Z">
    <groups>
    </groups>
    <test name="Default test" duration-ms="25664" started-at="2020-08-27T06:11:52Z" finished-at="2020-08-27T06:12:17Z">
      <class name="all.selemium.commands.NavigateTo">
        <test-method status="PASS" signature="setupTest()[pri:0, instance:all.selemium.commands.NavigateTo@5dd6264]" name="setupTest" is-config="true" duration-ms="10624" started-at="2020-08-27T11:41:52Z" finished-at="2020-08-27T11:42:02Z">
          <reporter-output>
          </reporter-output>
        </test-method> <!-- setupTest -->
        <test-method status="PASS" signature="navigateTo()[pri:0, instance:all.selemium.commands.NavigateTo@5dd6264]" name="navigateTo" duration-ms="9731" started-at="2020-08-27T11:42:02Z" finished-at="2020-08-27T11:42:12Z">
          <reporter-output>
          </reporter-output>
        </test-method> <!-- navigateTo -->
        <test-method status="PASS" signature="tearDown()[pri:0, instance:all.selemium.commands.NavigateTo@5dd6264]" name="tearDown" is-config="true" duration-ms="5272" started-at="2020-08-27T11:42:12Z" finished-at="2020-08-27T11:42:17Z">
          <reporter-output>
          </reporter-output>
        </test-method> <!-- tearDown -->
      </class> <!-- all.selemium.commands.NavigateTo -->
    </test> <!-- Default test -->
  </suite> <!-- Default suite -->
</testng-results>
